<?xml version="1.0" encoding="UTF-8"?>
<!-- Generated by org.testng.reporters.JUnitReportReporter -->
<testsuite hostname="Sidhu" failures="0" tests="2" name="qaclickacademy.Mavenjava.RestAPITest" time="0.017" errors="0" timestamp="2022-08-22T16:41:30 EDT" skipped="0">
  <testcase classname="qaclickacademy.Mavenjava.RestAPITest" name="postJira" time="0.001"/>
  <system-out/>
  <testcase classname="qaclickacademy.Mavenjava.RestAPITest" name="deleteTwitter" time="0.016"/>
  <system-out/>
</testsuite> <!-- qaclickacademy.Mavenjava.RestAPITest -->
